# JRE version: OpenJDK Runtime Environment (11.0.7+10) (build 11.0.7+10)
# Java VM: OpenJDK 64-Bit Server VM (11.0.7+10, mixed mode, tiered, compressed oops, g1 gc, linux-amd64)
Heap:
 garbage-first heap   total 245760K, used 91617K [0x0000000764200000, 0x0000000800000000)
  region size 1024K, 49 young (50176K), 5 survivors (5120K)
 Metaspace       used 58620K, capacity 60060K, committed 60160K, reserved 1101824K
  class space    used 7331K, capacity 7927K, committed 7936K, reserved 1048576K
GC Heap History (20 events):
Event: 3,391 GC heap before
{Heap before GC invocations=4 (full 0):
 garbage-first heap   total 159744K, used 74771K [0x0000000764200000, 0x0000000800000000)
  region size 1024K, 60 young (61440K), 2 survivors (2048K)
 Metaspace       used 34582K, capacity 35211K, committed 35584K, reserved 1081344K
  class space    used 4232K, capacity 4490K, committed 4608K, reserved 1048576K
}
Event: 3,397 GC heap after
{Heap after GC invocations=5 (full 0):
 garbage-first heap   total 159744K, used 19637K [0x0000000764200000, 0x0000000800000000)
  region size 1024K, 5 young (5120K), 5 survivors (5120K)
 Metaspace       used 34582K, capacity 35211K, committed 35584K, reserved 1081344K
  class space    used 4232K, capacity 4490K, committed 4608K, reserved 1048576K
}
Event: 4,597 GC heap before
{Heap before GC invocations=6 (full 0):
 garbage-first heap   total 159744K, used 96437K [0x0000000764200000, 0x0000000800000000)
  region size 1024K, 78 young (79872K), 5 survivors (5120K)
 Metaspace       used 43004K, capacity 43849K, committed 43904K, reserved 1087488K
  class space    used 5177K, capacity 5494K, committed 5504K, reserved 1048576K
}
Event: 4,608 GC heap after
{Heap after GC invocations=7 (full 0):
 garbage-first heap   total 159744K, used 23504K [0x0000000764200000, 0x0000000800000000)
  region size 1024K, 8 young (8192K), 8 survivors (8192K)
 Metaspace       used 43004K, capacity 43849K, committed 43904K, reserved 1087488K
  class space    used 5177K, capacity 5494K, committed 5504K, reserved 1048576K
}
Event: 5,838 GC heap before
{Heap before GC invocations=7 (full 0):
 garbage-first heap   total 159744K, used 108496K [0x0000000764200000, 0x0000000800000000)
  region size 1024K, 91 young (93184K), 8 survivors (8192K)
 Metaspace       used 49375K, capacity 50464K, committed 50688K, reserved 1093632K
  class space    used 6167K, capacity 6580K, committed 6656K, reserved 1048576K
}
Event: 5,848 GC heap after
{Heap after GC invocations=8 (full 0):
 garbage-first heap   total 192512K, used 29404K [0x0000000764200000, 0x0000000800000000)
  region size 1024K, 12 young (12288K), 12 survivors (12288K)
 Metaspace       used 49375K, capacity 50464K, committed 50688K, reserved 1093632K
  class space    used 6167K, capacity 6580K, committed 6656K, reserved 1048576K
}
Event: 6,890 GC heap before
{Heap before GC invocations=8 (full 0):
 garbage-first heap   total 192512K, used 121564K [0x0000000764200000, 0x0000000800000000)
  region size 1024K, 102 young (104448K), 12 survivors (12288K)
 Metaspace       used 53294K, capacity 54626K, committed 55040K, reserved 1097728K
  class space    used 6808K, capacity 7297K, committed 7424K, reserved 1048576K
}
Event: 6,910 GC heap after
{Heap after GC invocations=9 (full 0):
 garbage-first heap   total 192512K, used 38078K [0x0000000764200000, 0x0000000800000000)
  region size 1024K, 13 young (13312K), 13 survivors (13312K)
 Metaspace       used 53294K, capacity 54626K, committed 55040K, reserved 1097728K
  class space    used 6808K, capacity 7297K, committed 7424K, reserved 1048576K
}
Event: 8,070 GC heap before
{Heap before GC invocations=9 (full 0):
 garbage-first heap   total 192512K, used 131262K [0x0000000764200000, 0x0000000800000000)
  region size 1024K, 104 young (106496K), 13 survivors (13312K)
 Metaspace       used 56497K, capacity 57944K, committed 58240K, reserved 1099776K
  class space    used 7133K, capacity 7683K, committed 7808K, reserved 1048576K
}
Event: 8,090 GC heap after
{Heap after GC invocations=10 (full 0):
 garbage-first heap   total 192512K, used 44619K [0x0000000764200000, 0x0000000800000000)
  region size 1024K, 7 young (7168K), 7 survivors (7168K)
 Metaspace       used 56497K, capacity 57944K, committed 58240K, reserved 1099776K
  class space    used 7133K, capacity 7683K, committed 7808K, reserved 1048576K
}
Event: 8,388 GC heap before
{Heap before GC invocations=10 (full 0):
 garbage-first heap   total 192512K, used 136779K [0x0000000764200000, 0x0000000800000000)
  region size 1024K, 97 young (99328K), 7 survivors (7168K)
 Metaspace       used 56681K, capacity 58081K, committed 58240K, reserved 1099776K
  class space    used 7136K, capacity 7685K, committed 7808K, reserved 1048576K
}
Event: 8,395 GC heap after
{Heap after GC invocations=11 (full 0):
 garbage-first heap   total 192512K, used 46715K [0x0000000764200000, 0x0000000800000000)
  region size 1024K, 9 young (9216K), 9 survivors (9216K)
 Metaspace       used 56681K, capacity 58081K, committed 58240K, reserved 1099776K
  class space    used 7136K, capacity 7685K, committed 7808K, reserved 1048576K
}
Event: 8,983 GC heap before
{Heap before GC invocations=11 (full 0):
 garbage-first heap   total 192512K, used 98939K [0x0000000764200000, 0x0000000800000000)
  region size 1024K, 61 young (62464K), 9 survivors (9216K)
 Metaspace       used 58116K, capacity 59588K, committed 59648K, reserved 1101824K
  class space    used 7306K, capacity 7923K, committed 7936K, reserved 1048576K
}
Event: 9,049 GC heap after
{Heap after GC invocations=12 (full 0):
 garbage-first heap   total 192512K, used 48031K [0x0000000764200000, 0x0000000800000000)
  region size 1024K, 5 young (5120K), 5 survivors (5120K)
 Metaspace       used 58116K, capacity 59588K, committed 59648K, reserved 1101824K
  class space    used 7306K, capacity 7923K, committed 7936K, reserved 1048576K
}
Event: 1851,730 GC heap before
{Heap before GC invocations=13 (full 0):
 garbage-first heap   total 192512K, used 143263K [0x0000000764200000, 0x0000000800000000)
  region size 1024K, 99 young (101376K), 5 survivors (5120K)
 Metaspace       used 58509K, capacity 59991K, committed 60160K, reserved 1101824K
  class space    used 7322K, capacity 7925K, committed 7936K, reserved 1048576K
}
Event: 1851,738 GC heap after
{Heap after GC invocations=14 (full 0):
 garbage-first heap   total 245760K, used 47929K [0x0000000764200000, 0x0000000800000000)
  region size 1024K, 5 young (5120K), 5 survivors (5120K)
 Metaspace       used 58509K, capacity 59991K, committed 60160K, reserved 1101824K
  class space    used 7322K, capacity 7925K, committed 7936K, reserved 1048576K
}
Event: 4089,870 GC heap before
{Heap before GC invocations=14 (full 0):
 garbage-first heap   total 245760K, used 161593K [0x0000000764200000, 0x0000000800000000)
  region size 1024K, 116 young (118784K), 5 survivors (5120K)
 Metaspace       used 58551K, capacity 60055K, committed 60160K, reserved 1101824K
  class space    used 7322K, capacity 7925K, committed 7936K, reserved 1048576K
}
Event: 4089,876 GC heap after
{Heap after GC invocations=15 (full 0):
 garbage-first heap   total 245760K, used 47959K [0x0000000764200000, 0x0000000800000000)
  region size 1024K, 5 young (5120K), 5 survivors (5120K)
 Metaspace       used 58551K, capacity 60055K, committed 60160K, reserved 1101824K
  class space    used 7322K, capacity 7925K, committed 7936K, reserved 1048576K
}
Event: 6561,165 GC heap before
{Heap before GC invocations=15 (full 0):
 garbage-first heap   total 245760K, used 173911K [0x0000000764200000, 0x0000000800000000)
  region size 1024K, 128 young (131072K), 5 survivors (5120K)
 Metaspace       used 58573K, capacity 60060K, committed 60160K, reserved 1101824K
  class space    used 7325K, capacity 7927K, committed 7936K, reserved 1048576K
}
Event: 6561,171 GC heap after
{Heap after GC invocations=16 (full 0):
 garbage-first heap   total 245760K, used 47585K [0x0000000764200000, 0x0000000800000000)
  region size 1024K, 5 young (5120K), 5 survivors (5120K)
 Metaspace       used 58573K, capacity 60060K, committed 60160K, reserved 1101824K
  class space    used 7325K, capacity 7927K, committed 7936K, reserved 1048576K
}

